TN:
SF:src\lib\memoText.js
FN:14,nodeToText
FN:31,extractPreview
FN:61,extractTitle
FN:62,(anonymous_3)
FN:65,(anonymous_4)
FN:66,(anonymous_5)
FN:80,parseContent
FN:91,(anonymous_7)
FN:108,formatDate
FNF:9
FNH:9
FNDA:16,nodeToText
FNDA:15,extractPreview
FNDA:11,extractTitle
FNDA:7,(anonymous_3)
FNDA:9,(anonymous_4)
FNDA:8,(anonymous_5)
FNDA:9,parseContent
FNDA:9,(anonymous_7)
FNDA:8,formatDate
DA:15,16
DA:16,16
DA:17,9
DA:18,16
DA:32,15
DA:33,12
DA:34,12
DA:35,12
DA:36,6
DA:37,9
DA:38,9
DA:40,2
DA:42,6
DA:62,11
DA:63,11
DA:64,6
DA:65,9
DA:66,8
DA:81,9
DA:82,6
DA:83,6
DA:84,6
DA:88,5
DA:89,5
DA:92,9
DA:109,8
DA:110,5
DA:111,5
DA:112,5
DA:113,5
DA:114,2
DA:115,2
DA:116,2
DA:118,3
DA:119,2
LF:35
LH:35
BRDA:15,0,0,0
BRDA:15,0,1,16
BRDA:16,1,0,7
BRDA:16,1,1,9
BRDA:16,2,0,7
BRDA:16,2,1,1
BRDA:17,3,0,9
BRDA:17,3,1,3
BRDA:32,4,0,3
BRDA:32,4,1,12
BRDA:35,5,0,1
BRDA:35,5,1,11
BRDA:36,6,0,6
BRDA:36,6,1,1
BRDA:38,7,0,4
BRDA:38,7,1,5
BRDA:43,8,0,6
BRDA:43,8,1,0
BRDA:63,9,0,5
BRDA:63,9,1,6
BRDA:81,10,0,3
BRDA:81,10,1,6
BRDA:84,11,0,1
BRDA:84,11,1,5
BRDA:92,12,0,7
BRDA:92,12,1,2
BRDA:109,13,0,3
BRDA:109,13,1,5
BRDA:113,14,0,2
BRDA:113,14,1,3
BRDA:118,15,0,1
BRDA:118,15,1,2
BRF:32
BRH:30
end_of_record
